# JRE version: OpenJDK Runtime Environment Temurin-21.0.10+7 (21.0.10+7) (build 21.0.10+7-LTS)
# Java VM: OpenJDK 64-Bit Server VM Temurin-21.0.10+7 (21.0.10+7-LTS, mixed mode, sharing, tiered, compressed oops, compressed class ptrs, parallel gc, windows-amd64)
GC Precious Log:
 CardTable entry size: 512
 CPUs: 12 total, 12 available
 Memory: 7885M
 Large Page Support: Disabled
 NUMA Support: Disabled
 Compressed Oops: Enabled (32-bit)
 Alignments: Space 512K, Generation 512K, Heap 2M
 Heap Min Capacity: 100M
 Heap Initial Capacity: 100M
 Heap Max Capacity: 2G
 Pre-touch: Disabled
 Parallel Workers: 10
Heap:
 PSYoungGen      total 2048K, used 1121K [0x00000000d5580000, 0x00000000d5880000, 0x0000000100000000)
  eden space 1024K, 37% used [0x00000000d5580000,0x00000000d55e0710,0x00000000d5680000)
  from space 1024K, 71% used [0x00000000d5680000,0x00000000d5738010,0x00000000d5780000)
  to   space 1024K, 0% used [0x00000000d5780000,0x00000000d5780000,0x00000000d5880000)
 ParOldGen       total 860160K, used 859911K [0x0000000080000000, 0x00000000b4800000, 0x00000000d5580000)
  object space 860160K, 99% used [0x0000000080000000,0x00000000b47c1d80,0x00000000b4800000)
 Metaspace       used 64093K, committed 65536K, reserved 1114112K
  class space    used 6670K, committed 7296K, reserved 1048576K
GC Heap History (20 events):
Event: 4043.894 GC heap before
{Heap before GC invocations=3851 (full 4):
 PSYoungGen      total 2048K, used 1727K [0x00000000d5580000, 0x00000000d5880000, 0x0000000100000000)
  eden space 1536K, 99% used [0x00000000d5580000,0x00000000d56ffff8,0x00000000d5700000)
  from space 512K, 37% used [0x00000000d5780000,0x00000000d57b0000,0x00000000d5800000)
  to   space 512K, 0% used [0x00000000d5800000,0x00000000d5800000,0x00000000d5880000)
 ParOldGen       total 859648K, used 859359K [0x0000000080000000, 0x00000000b4780000, 0x00000000d5580000)
  object space 859648K, 99% used [0x0000000080000000,0x00000000b4737d80,0x00000000b4780000)
 Metaspace       used 64052K, committed 65408K, reserved 1114112K
  class space    used 6666K, committed 7296K, reserved 1048576K
}
Event: 4043.901 GC heap after
{Heap after GC invocations=3851 (full 4):
 PSYoungGen      total 1536K, used 480K [0x00000000d5580000, 0x00000000d5a00000, 0x0000000100000000)
  eden space 1024K, 0% used [0x00000000d5580000,0x00000000d5580000,0x00000000d5680000)
  from space 512K, 93% used [0x00000000d5800000,0x00000000d5878020,0x00000000d5880000)
  to   space 1536K, 0% used [0x00000000d5680000,0x00000000d5680000,0x00000000d5800000)
 ParOldGen       total 860160K, used 859807K [0x0000000080000000, 0x00000000b4800000, 0x00000000d5580000)
  object space 860160K, 99% used [0x0000000080000000,0x00000000b47a7d80,0x00000000b4800000)
 Metaspace       used 64052K, committed 65408K, reserved 1114112K
  class space    used 6666K, committed 7296K, reserved 1048576K
}
Event: 4055.175 GC heap before
{Heap before GC invocations=3852 (full 4):
 PSYoungGen      total 1536K, used 1504K [0x00000000d5580000, 0x00000000d5a00000, 0x0000000100000000)
  eden space 1024K, 100% used [0x00000000d5580000,0x00000000d5680000,0x00000000d5680000)
  from space 512K, 93% used [0x00000000d5800000,0x00000000d5878020,0x00000000d5880000)
  to   space 1536K, 0% used [0x00000000d5680000,0x00000000d5680000,0x00000000d5800000)
 ParOldGen       total 860160K, used 859807K [0x0000000080000000, 0x00000000b4800000, 0x00000000d5580000)
  object space 860160K, 99% used [0x0000000080000000,0x00000000b47a7d80,0x00000000b4800000)
 Metaspace       used 64053K, committed 65408K, reserved 1114112K
  class space    used 6666K, committed 7296K, reserved 1048576K
}
Event: 4055.180 GC heap after
{Heap after GC invocations=3852 (full 4):
 PSYoungGen      total 1536K, used 320K [0x00000000d5580000, 0x00000000d5880000, 0x0000000100000000)
  eden space 1024K, 0% used [0x00000000d5580000,0x00000000d5580000,0x00000000d5680000)
  from space 512K, 62% used [0x00000000d5680000,0x00000000d56d0000,0x00000000d5700000)
  to   space 1024K, 0% used [0x00000000d5780000,0x00000000d5780000,0x00000000d5880000)
 ParOldGen       total 860160K, used 859815K [0x0000000080000000, 0x00000000b4800000, 0x00000000d5580000)
  object space 860160K, 99% used [0x0000000080000000,0x00000000b47a9d80,0x00000000b4800000)
 Metaspace       used 64053K, committed 65408K, reserved 1114112K
  class space    used 6666K, committed 7296K, reserved 1048576K
}
Event: 4056.191 GC heap before
{Heap before GC invocations=3853 (full 4):
 PSYoungGen      total 1536K, used 1344K [0x00000000d5580000, 0x00000000d5880000, 0x0000000100000000)
  eden space 1024K, 100% used [0x00000000d5580000,0x00000000d5680000,0x00000000d5680000)
  from space 512K, 62% used [0x00000000d5680000,0x00000000d56d0000,0x00000000d5700000)
  to   space 1024K, 0% used [0x00000000d5780000,0x00000000d5780000,0x00000000d5880000)
 ParOldGen       total 860160K, used 859815K [0x0000000080000000, 0x00000000b4800000, 0x00000000d5580000)
  object space 860160K, 99% used [0x0000000080000000,0x00000000b47a9d80,0x00000000b4800000)
 Metaspace       used 64074K, committed 65536K, reserved 1114112K
  class space    used 6670K, committed 7296K, reserved 1048576K
}
Event: 4056.193 GC heap after
{Heap after GC invocations=3853 (full 4):
 PSYoungGen      total 1536K, used 320K [0x00000000d5580000, 0x00000000d5800000, 0x0000000100000000)
  eden space 1024K, 0% used [0x00000000d5580000,0x00000000d5580000,0x00000000d5680000)
  from space 512K, 62% used [0x00000000d5780000,0x00000000d57d0000,0x00000000d5800000)
  to   space 512K, 0% used [0x00000000d5680000,0x00000000d5680000,0x00000000d5700000)
 ParOldGen       total 860160K, used 859815K [0x0000000080000000, 0x00000000b4800000, 0x00000000d5580000)
  object space 860160K, 99% used [0x0000000080000000,0x00000000b47a9d80,0x00000000b4800000)
 Metaspace       used 64074K, committed 65536K, reserved 1114112K
  class space    used 6670K, committed 7296K, reserved 1048576K
}
Event: 6323.424 GC heap before
{Heap before GC invocations=3854 (full 4):
 PSYoungGen      total 1536K, used 1343K [0x00000000d5580000, 0x00000000d5800000, 0x0000000100000000)
  eden space 1024K, 99% used [0x00000000d5580000,0x00000000d567fff0,0x00000000d5680000)
  from space 512K, 62% used [0x00000000d5780000,0x00000000d57d0000,0x00000000d5800000)
  to   space 512K, 0% used [0x00000000d5680000,0x00000000d5680000,0x00000000d5700000)
 ParOldGen       total 860160K, used 859815K [0x0000000080000000, 0x00000000b4800000, 0x00000000d5580000)
  object space 860160K, 99% used [0x0000000080000000,0x00000000b47a9d80,0x00000000b4800000)
 Metaspace       used 64074K, committed 65536K, reserved 1114112K
  class space    used 6670K, committed 7296K, reserved 1048576K
}
Event: 6323.706 GC heap after
{Heap after GC invocations=3854 (full 4):
 PSYoungGen      total 1536K, used 480K [0x00000000d5580000, 0x00000000d5880000, 0x0000000100000000)
  eden space 1024K, 0% used [0x00000000d5580000,0x00000000d5580000,0x00000000d5680000)
  from space 512K, 93% used [0x00000000d5680000,0x00000000d56f8010,0x00000000d5700000)
  to   space 1024K, 0% used [0x00000000d5780000,0x00000000d5780000,0x00000000d5880000)
 ParOldGen       total 860160K, used 859831K [0x0000000080000000, 0x00000000b4800000, 0x00000000d5580000)
  object space 860160K, 99% used [0x0000000080000000,0x00000000b47add80,0x00000000b4800000)
 Metaspace       used 64074K, committed 65536K, reserved 1114112K
  class space    used 6670K, committed 7296K, reserved 1048576K
}
Event: 6347.058 GC heap before
{Heap before GC invocations=3855 (full 4):
 PSYoungGen      total 1536K, used 1504K [0x00000000d5580000, 0x00000000d5880000, 0x0000000100000000)
  eden space 1024K, 99% used [0x00000000d5580000,0x00000000d567fff0,0x00000000d5680000)
  from space 512K, 93% used [0x00000000d5680000,0x00000000d56f8010,0x00000000d5700000)
  to   space 1024K, 0% used [0x00000000d5780000,0x00000000d5780000,0x00000000d5880000)
 ParOldGen       total 860160K, used 859831K [0x0000000080000000, 0x00000000b4800000, 0x00000000d5580000)
  object space 860160K, 99% used [0x0000000080000000,0x00000000b47add80,0x00000000b4800000)
 Metaspace       used 64074K, committed 65536K, reserved 1114112K
  class space    used 6670K, committed 7296K, reserved 1048576K
}
Event: 6347.074 GC heap after
{Heap after GC invocations=3855 (full 4):
 PSYoungGen      total 1536K, used 320K [0x00000000d5580000, 0x00000000d5800000, 0x0000000100000000)
  eden space 1024K, 0% used [0x00000000d5580000,0x00000000d5580000,0x00000000d5680000)
  from space 512K, 62% used [0x00000000d5780000,0x00000000d57d0000,0x00000000d5800000)
  to   space 512K, 0% used [0x00000000d5680000,0x00000000d5680000,0x00000000d5700000)
 ParOldGen       total 860160K, used 859831K [0x0000000080000000, 0x00000000b4800000, 0x00000000d5580000)
  object space 860160K, 99% used [0x0000000080000000,0x00000000b47add80,0x00000000b4800000)
 Metaspace       used 64074K, committed 65536K, reserved 1114112K
  class space    used 6670K, committed 7296K, reserved 1048576K
}
Event: 6351.517 GC heap before
{Heap before GC invocations=3856 (full 4):
 PSYoungGen      total 1536K, used 1342K [0x00000000d5580000, 0x00000000d5800000, 0x0000000100000000)
  eden space 1024K, 99% used [0x00000000d5580000,0x00000000d567fb50,0x00000000d5680000)
  from space 512K, 62% used [0x00000000d5780000,0x00000000d57d0000,0x00000000d5800000)
  to   space 512K, 0% used [0x00000000d5680000,0x00000000d5680000,0x00000000d5700000)
 ParOldGen       total 860160K, used 859831K [0x0000000080000000, 0x00000000b4800000, 0x00000000d5580000)
  object space 860160K, 99% used [0x0000000080000000,0x00000000b47add80,0x00000000b4800000)
 Metaspace       used 64078K, committed 65536K, reserved 1114112K
  class space    used 6670K, committed 7296K, reserved 1048576K
}
Event: 6351.520 GC heap after
{Heap after GC invocations=3856 (full 4):
 PSYoungGen      total 1536K, used 256K [0x00000000d5580000, 0x00000000d5800000, 0x0000000100000000)
  eden space 1024K, 0% used [0x00000000d5580000,0x00000000d5580000,0x00000000d5680000)
  from space 512K, 50% used [0x00000000d5680000,0x00000000d56c0000,0x00000000d5700000)
  to   space 512K, 0% used [0x00000000d5780000,0x00000000d5780000,0x00000000d5800000)
 ParOldGen       total 860160K, used 859831K [0x0000000080000000, 0x00000000b4800000, 0x00000000d5580000)
  object space 860160K, 99% used [0x0000000080000000,0x00000000b47add80,0x00000000b4800000)
 Metaspace       used 64078K, committed 65536K, reserved 1114112K
  class space    used 6670K, committed 7296K, reserved 1048576K
}
Event: 6352.846 GC heap before
{Heap before GC invocations=3857 (full 4):
 PSYoungGen      total 1536K, used 1280K [0x00000000d5580000, 0x00000000d5800000, 0x0000000100000000)
  eden space 1024K, 100% used [0x00000000d5580000,0x00000000d5680000,0x00000000d5680000)
  from space 512K, 50% used [0x00000000d5680000,0x00000000d56c0000,0x00000000d5700000)
  to   space 512K, 0% used [0x00000000d5780000,0x00000000d5780000,0x00000000d5800000)
 ParOldGen       total 860160K, used 859831K [0x0000000080000000, 0x00000000b4800000, 0x00000000d5580000)
  object space 860160K, 99% used [0x0000000080000000,0x00000000b47add80,0x00000000b4800000)
 Metaspace       used 64078K, committed 65536K, reserved 1114112K
  class space    used 6670K, committed 7296K, reserved 1048576K
}
Event: 6352.851 GC heap after
{Heap after GC invocations=3857 (full 4):
 PSYoungGen      total 1536K, used 320K [0x00000000d5580000, 0x00000000d5800000, 0x0000000100000000)
  eden space 1024K, 0% used [0x00000000d5580000,0x00000000d5580000,0x00000000d5680000)
  from space 512K, 62% used [0x00000000d5780000,0x00000000d57d0000,0x00000000d5800000)
  to   space 512K, 0% used [0x00000000d5680000,0x00000000d5680000,0x00000000d5700000)
 ParOldGen       total 860160K, used 859831K [0x0000000080000000, 0x00000000b4800000, 0x00000000d5580000)
  object space 860160K, 99% used [0x0000000080000000,0x00000000b47add80,0x00000000b4800000)
 Metaspace       used 64078K, committed 65536K, reserved 1114112K
  class space    used 6670K, committed 7296K, reserved 1048576K
}
Event: 7223.884 GC heap before
{Heap before GC invocations=3858 (full 4):
 PSYoungGen      total 1536K, used 1344K [0x00000000d5580000, 0x00000000d5800000, 0x0000000100000000)
  eden space 1024K, 100% used [0x00000000d5580000,0x00000000d5680000,0x00000000d5680000)
  from space 512K, 62% used [0x00000000d5780000,0x00000000d57d0000,0x00000000d5800000)
  to   space 512K, 0% used [0x00000000d5680000,0x00000000d5680000,0x00000000d5700000)
 ParOldGen       total 860160K, used 859831K [0x0000000080000000, 0x00000000b4800000, 0x00000000d5580000)
  object space 860160K, 99% used [0x0000000080000000,0x00000000b47add80,0x00000000b4800000)
 Metaspace       used 64081K, committed 65536K, reserved 1114112K
  class space    used 6670K, committed 7296K, reserved 1048576K
}
Event: 7224.018 GC heap after
{Heap after GC invocations=3858 (full 4):
 PSYoungGen      total 1536K, used 480K [0x00000000d5580000, 0x00000000d5880000, 0x0000000100000000)
  eden space 1024K, 0% used [0x00000000d5580000,0x00000000d5580000,0x00000000d5680000)
  from space 512K, 93% used [0x00000000d5680000,0x00000000d56f8010,0x00000000d5700000)
  to   space 1024K, 0% used [0x00000000d5780000,0x00000000d5780000,0x00000000d5880000)
 ParOldGen       total 860160K, used 859895K [0x0000000080000000, 0x00000000b4800000, 0x00000000d5580000)
  object space 860160K, 99% used [0x0000000080000000,0x00000000b47bdd80,0x00000000b4800000)
 Metaspace       used 64081K, committed 65536K, reserved 1114112K
  class space    used 6670K, committed 7296K, reserved 1048576K
}
Event: 8124.188 GC heap before
{Heap before GC invocations=3859 (full 4):
 PSYoungGen      total 1536K, used 1464K [0x00000000d5580000, 0x00000000d5880000, 0x0000000100000000)
  eden space 1024K, 96% used [0x00000000d5580000,0x00000000d5676150,0x00000000d5680000)
  from space 512K, 93% used [0x00000000d5680000,0x00000000d56f8010,0x00000000d5700000)
  to   space 1024K, 0% used [0x00000000d5780000,0x00000000d5780000,0x00000000d5880000)
 ParOldGen       total 860160K, used 859895K [0x0000000080000000, 0x00000000b4800000, 0x00000000d5580000)
  object space 860160K, 99% used [0x0000000080000000,0x00000000b47bdd80,0x00000000b4800000)
 Metaspace       used 64082K, committed 65536K, reserved 1114112K
  class space    used 6670K, committed 7296K, reserved 1048576K
}
Event: 8124.457 GC heap after
{Heap after GC invocations=3859 (full 4):
 PSYoungGen      total 2048K, used 672K [0x00000000d5580000, 0x00000000d5880000, 0x0000000100000000)
  eden space 1024K, 0% used [0x00000000d5580000,0x00000000d5580000,0x00000000d5680000)
  from space 1024K, 65% used [0x00000000d5780000,0x00000000d5828010,0x00000000d5880000)
  to   space 1024K, 0% used [0x00000000d5680000,0x00000000d5680000,0x00000000d5780000)
 ParOldGen       total 860160K, used 859911K [0x0000000080000000, 0x00000000b4800000, 0x00000000d5580000)
  object space 860160K, 99% used [0x0000000080000000,0x00000000b47c1d80,0x00000000b4800000)
 Metaspace       used 64082K, committed 65536K, reserved 1114112K
  class space    used 6670K, committed 7296K, reserved 1048576K
}
Event: 9024.599 GC heap before
{Heap before GC invocations=3860 (full 4):
 PSYoungGen      total 2048K, used 1656K [0x00000000d5580000, 0x00000000d5880000, 0x0000000100000000)
  eden space 1024K, 96% used [0x00000000d5580000,0x00000000d5676378,0x00000000d5680000)
  from space 1024K, 65% used [0x00000000d5780000,0x00000000d5828010,0x00000000d5880000)
  to   space 1024K, 0% used [0x00000000d5680000,0x00000000d5680000,0x00000000d5780000)
 ParOldGen       total 860160K, used 859911K [0x0000000080000000, 0x00000000b4800000, 0x00000000d5580000)
  object space 860160K, 99% used [0x0000000080000000,0x00000000b47c1d80,0x00000000b4800000)
 Metaspace       used 64089K, committed 65536K, reserved 1114112K
  class space    used 6670K, committed 7296K, reserved 1048576K
}
Event: 9024.930 GC heap after
{Heap after GC invocations=3860 (full 4):
 PSYoungGen      total 2048K, used 736K [0x00000000d5580000, 0x00000000d5880000, 0x0000000100000000)
  eden space 1024K, 0% used [0x00000000d5580000,0x00000000d5580000,0x00000000d5680000)
  from space 1024K, 71% used [0x00000000d5680000,0x00000000d5738010,0x00000000d5780000)
  to   space 1024K, 0% used [0x00000000d5780000,0x00000000d5780000,0x00000000d5880000)
 ParOldGen       total 860160K, used 859911K [0x0000000080000000, 0x00000000b4800000, 0x00000000d5580000)
  object space 860160K, 99% used [0x0000000080000000,0x00000000b47c1d80,0x00000000b4800000)
 Metaspace       used 64089K, committed 65536K, reserved 1114112K
  class space    used 6670K, committed 7296K, reserved 1048576K
}

